e:\1_project\5_2022\测试\qtgis\qtgis\x64\debug\vc142.pdb
e:\1_project\5_2022\测试\qtgis\qtgis\x64\debug\qrc_qtgis.obj
e:\1_project\5_2022\测试\qtgis\qtgis\x64\debug\main.obj
e:\1_project\5_2022\测试\qtgis\qtgis\x64\debug\qtgis.obj
e:\1_project\5_2022\测试\qtgis\qtgis\x64\debug\moc_qtgis.obj
e:\1_project\5_2022\selfproject\qtgis\qtgis\x64\debug\qtgis.obj
e:\1_project\5_2022\selfproject\qtgis\qtgis\x64\debug\main.obj
e:\1_project\5_2022\selfproject\qtgis\qtgis\x64\debug\demoribbonwindow.obj
e:\1_project\5_2022\selfproject\qtgis\qtgis\x64\debug\vc141.pdb
e:\1_project\5_2022\selfproject\qtgis\qtgis\x64\debug\qrc_qtgis.obj
e:\1_project\5_2022\selfproject\qtgis\qtgis\x64\debug\moc_demoribbonwindow.obj
e:\1_project\5_2022\selfproject\qtgis\qtgis\x64\debug\moc_qtgis.obj
e:\1_project\5_2022\测试\qtgis\x64\debug\qtgis.ilk
e:\1_project\5_2022\测试\qtgis\x64\debug\qtgis.exe
e:\1_project\5_2022\测试\qtgis\x64\debug\qtgis.pdb
e:\1_project\5_2022\selfproject\qtgis\qtgis\x64\debug\moc\moc_demoribbonwindow.cpp
e:\1_project\5_2022\selfproject\qtgis\qtgis\x64\debug\moc\moc_qtgis.cpp
e:\1_project\5_2022\测试\qtgis\qtgis\x64\debug\uic\ui_qtgis.h
e:\1_project\5_2022\测试\qtgis\qtgis\x64\debug\rcc\qrc_qtgis.cpp
e:\1_project\5_2022\测试\qtgis\qtgis\x64\debug\moc\moc_qtgis.cpp
e:\1_project\5_2022\selfproject\qtgis\qtgis\x64\debug\uic\ui_qtgis.h
e:\1_project\5_2022\selfproject\qtgis\qtgis\x64\debug\rcc\qrc_qtgis.cpp
e:\1_project\5_2022\selfproject\qtgis\qtgis\x64\debug\qtgis.res
e:\1_project\5_2022\selfproject\qtgis\qtgis\x64\debug\vc142.pdb
e:\1_project\5_2022\selfproject\qtgis\x64\debug\qtgis.pdb
e:\1_project\5_2022\selfproject\qtgis\qtgis\x64\debug\qtgis.tlog\cl.command.1.tlog
e:\1_project\5_2022\selfproject\qtgis\qtgis\x64\debug\qtgis.tlog\cl.read.1.tlog
e:\1_project\5_2022\selfproject\qtgis\qtgis\x64\debug\qtgis.tlog\cl.write.1.tlog
e:\1_project\5_2022\selfproject\qtgis\qtgis\x64\debug\qtgis.tlog\link-cvtres.read.1.tlog
e:\1_project\5_2022\selfproject\qtgis\qtgis\x64\debug\qtgis.tlog\link-cvtres.write.1.tlog
e:\1_project\5_2022\selfproject\qtgis\qtgis\x64\debug\qtgis.tlog\link-rc.read.1.tlog
e:\1_project\5_2022\selfproject\qtgis\qtgis\x64\debug\qtgis.tlog\link-rc.write.1.tlog
e:\1_project\5_2022\selfproject\qtgis\qtgis\x64\debug\qtgis.tlog\link.command.1.tlog
e:\1_project\5_2022\selfproject\qtgis\qtgis\x64\debug\qtgis.tlog\link.read.1.tlog
e:\1_project\5_2022\selfproject\qtgis\qtgis\x64\debug\qtgis.tlog\link.write.1.tlog
e:\1_project\5_2022\selfproject\qtgis\qtgis\x64\debug\qtgis.tlog\moc.read.1u.tlog
e:\1_project\5_2022\selfproject\qtgis\qtgis\x64\debug\qtgis.tlog\moc.write.1u.tlog
e:\1_project\5_2022\selfproject\qtgis\qtgis\x64\debug\qtgis.tlog\qtgis.write.1u.tlog
e:\1_project\5_2022\selfproject\qtgis\qtgis\x64\debug\qtgis.tlog\rc.command.1.tlog
e:\1_project\5_2022\selfproject\qtgis\qtgis\x64\debug\qtgis.tlog\rc.read.1.tlog
e:\1_project\5_2022\selfproject\qtgis\qtgis\x64\debug\qtgis.tlog\rc.write.1.tlog
e:\1_project\5_2022\selfproject\qtgis\qtgis\x64\debug\qtgis.tlog\rcc.read.1u.tlog
e:\1_project\5_2022\selfproject\qtgis\qtgis\x64\debug\qtgis.tlog\rcc.write.1u.tlog
e:\1_project\5_2022\selfproject\qtgis\qtgis\x64\debug\qtgis.tlog\uic.read.1u.tlog
e:\1_project\5_2022\selfproject\qtgis\qtgis\x64\debug\qtgis.tlog\uic.write.1u.tlog
