  Reading Qt configuration (D:/Qt/5.15.2/msvc2019_64/bin/qmake)
  moc QtGis.h
  QtGis.cpp
  main.cpp
e:\1_project\5_2022\selfproject\qtgis\3rdpart\qgisdev\include\qgsfield.h : warning C4819: 该文件包含不能在当前代码页(936)中表示的字符。请将该文件保存为 Unicode 格式以防止数据丢失 (编译源文件 QtGis.cpp)
  moc_QtGis.cpp
QtGis.obj : error LNK2019: 无法解析的外部符号 "__declspec(dllimport) public: void __cdecl QgsMapCanvas::setProject(class QgsProject *)" (__imp_?setProject@QgsMapCanvas@@QEAAXPEAVQgsProject@@@Z)，该符号在函数 "private: void __cdecl QtGis::createMapCanvas(void)" (?createMapCanvas@QtGis@@AEAAXXZ) 中被引用
QtGis.obj : error LNK2019: 无法解析的外部符号 "__declspec(dllimport) public: __cdecl QgsSettingsEntryString::QgsSettingsEntryString(class QString const &,enum QgsSettings::Section,class QString const &,class QString const &,int,int)" (__imp_??0QgsSettingsEntryString@@QEAA@AEBVQString@@W4Section@QgsSettings@@00HH@Z)，该符号在函数 "void __cdecl `dynamic initializer for 'public: static class QgsSettingsEntryString const QgsApplication::settingsLocaleGlobalLocale''(void)" (??__E?settingsLocaleGlobalLocale@QgsApplication@@2VQgsSettingsEntryString@@B@@YAXXZ) 中被引用
main.obj : error LNK2001: 无法解析的外部符号 "__declspec(dllimport) public: __cdecl QgsSettingsEntryString::QgsSettingsEntryString(class QString const &,enum QgsSettings::Section,class QString const &,class QString const &,int,int)" (__imp_??0QgsSettingsEntryString@@QEAA@AEBVQString@@W4Section@QgsSettings@@00HH@Z)
QtGis.obj : error LNK2019: 无法解析的外部符号 "__declspec(dllimport) public: virtual __cdecl QgsSettingsEntryString::~QgsSettingsEntryString(void)" (__imp_??1QgsSettingsEntryString@@UEAA@XZ)，该符号在函数 "void __cdecl `dynamic atexit destructor for 'public: static class QgsSettingsEntryString const QgsApplication::settingsLocaleGlobalLocale''(void)" (??__F?settingsLocaleGlobalLocale@QgsApplication@@2VQgsSettingsEntryString@@B@@YAXXZ) 中被引用
main.obj : error LNK2001: 无法解析的外部符号 "__declspec(dllimport) public: virtual __cdecl QgsSettingsEntryString::~QgsSettingsEntryString(void)" (__imp_??1QgsSettingsEntryString@@UEAA@XZ)
QtGis.obj : error LNK2019: 无法解析的外部符号 "__declspec(dllimport) public: __cdecl QgsSettingsEntryStringList::QgsSettingsEntryStringList(class QString const &,enum QgsSettings::Section,class QStringList const &,class QString const &)" (__imp_??0QgsSettingsEntryStringList@@QEAA@AEBVQString@@W4Section@QgsSettings@@AEBVQStringList@@0@Z)，该符号在函数 "void __cdecl `dynamic initializer for 'public: static class QgsSettingsEntryStringList const QgsApplication::settingsSearchPathsForSVG''(void)" (??__E?settingsSearchPathsForSVG@QgsApplication@@2VQgsSettingsEntryStringList@@B@@YAXXZ) 中被引用
main.obj : error LNK2001: 无法解析的外部符号 "__declspec(dllimport) public: __cdecl QgsSettingsEntryStringList::QgsSettingsEntryStringList(class QString const &,enum QgsSettings::Section,class QStringList const &,class QString const &)" (__imp_??0QgsSettingsEntryStringList@@QEAA@AEBVQString@@W4Section@QgsSettings@@AEBVQStringList@@0@Z)
QtGis.obj : error LNK2019: 无法解析的外部符号 "__declspec(dllimport) public: virtual __cdecl QgsSettingsEntryStringList::~QgsSettingsEntryStringList(void)" (__imp_??1QgsSettingsEntryStringList@@UEAA@XZ)，该符号在函数 "void __cdecl `dynamic atexit destructor for 'public: static class QgsSettingsEntryStringList const QgsApplication::settingsSearchPathsForSVG''(void)" (??__F?settingsSearchPathsForSVG@QgsApplication@@2VQgsSettingsEntryStringList@@B@@YAXXZ) 中被引用
main.obj : error LNK2001: 无法解析的外部符号 "__declspec(dllimport) public: virtual __cdecl QgsSettingsEntryStringList::~QgsSettingsEntryStringList(void)" (__imp_??1QgsSettingsEntryStringList@@UEAA@XZ)
QtGis.obj : error LNK2019: 无法解析的外部符号 "__declspec(dllimport) public: __cdecl QgsSettingsEntryBool::QgsSettingsEntryBool(class QString const &,enum QgsSettings::Section,bool,class QString const &)" (__imp_??0QgsSettingsEntryBool@@QEAA@AEBVQString@@W4Section@QgsSettings@@_N0@Z)，该符号在函数 "void __cdecl `dynamic initializer for 'public: static class QgsSettingsEntryBool const QgsApplication::settingsLocaleOverrideFlag''(void)" (??__E?settingsLocaleOverrideFlag@QgsApplication@@2VQgsSettingsEntryBool@@B@@YAXXZ) 中被引用
main.obj : error LNK2001: 无法解析的外部符号 "__declspec(dllimport) public: __cdecl QgsSettingsEntryBool::QgsSettingsEntryBool(class QString const &,enum QgsSettings::Section,bool,class QString const &)" (__imp_??0QgsSettingsEntryBool@@QEAA@AEBVQString@@W4Section@QgsSettings@@_N0@Z)
QtGis.obj : error LNK2019: 无法解析的外部符号 "__declspec(dllimport) public: virtual __cdecl QgsSettingsEntryBool::~QgsSettingsEntryBool(void)" (__imp_??1QgsSettingsEntryBool@@UEAA@XZ)，该符号在函数 "void __cdecl `dynamic atexit destructor for 'public: static class QgsSettingsEntryBool const QgsApplication::settingsLocaleOverrideFlag''(void)" (??__F?settingsLocaleOverrideFlag@QgsApplication@@2VQgsSettingsEntryBool@@B@@YAXXZ) 中被引用
main.obj : error LNK2001: 无法解析的外部符号 "__declspec(dllimport) public: virtual __cdecl QgsSettingsEntryBool::~QgsSettingsEntryBool(void)" (__imp_??1QgsSettingsEntryBool@@UEAA@XZ)
QtGis.obj : error LNK2001: 无法解析的外部符号 "public: virtual class QgsExpressionContext __cdecl QgsMapCanvas::createExpressionContext(void)const " (?createExpressionContext@QgsMapCanvas@@UEBA?AVQgsExpressionContext@@XZ)
QtGis.obj : error LNK2001: 无法解析的外部符号 "protected: virtual void __cdecl QgsMapCanvas::dropEvent(class QDropEvent *)" (?dropEvent@QgsMapCanvas@@MEAAXPEAVQDropEvent@@@Z)
QtGis.obj : error LNK2001: 无法解析的外部符号 "protected: virtual void __cdecl QgsMapCanvas::showEvent(class QShowEvent *)" (?showEvent@QgsMapCanvas@@MEAAXPEAVQShowEvent@@@Z)
QtGis.obj : error LNK2001: 无法解析的外部符号 "protected: virtual bool __cdecl QgsMapCanvas::viewportEvent(class QEvent *)" (?viewportEvent@QgsMapCanvas@@MEAA_NPEAVQEvent@@@Z)
QtGis.obj : error LNK2001: 无法解析的外部符号 "__declspec(dllimport) public: static class QgsSettingsEntryString const QgsApplication::settingsLocaleUserLocale" (__imp_?settingsLocaleUserLocale@QgsApplication@@2VQgsSettingsEntryString@@B)
main.obj : error LNK2001: 无法解析的外部符号 "__declspec(dllimport) public: static class QgsSettingsEntryString const QgsApplication::settingsLocaleUserLocale" (__imp_?settingsLocaleUserLocale@QgsApplication@@2VQgsSettingsEntryString@@B)
QtGis.obj : error LNK2001: 无法解析的外部符号 "__declspec(dllimport) public: static class QgsSettingsEntryBool const QgsApplication::settingsLocaleOverrideFlag" (__imp_?settingsLocaleOverrideFlag@QgsApplication@@2VQgsSettingsEntryBool@@B)
main.obj : error LNK2001: 无法解析的外部符号 "__declspec(dllimport) public: static class QgsSettingsEntryBool const QgsApplication::settingsLocaleOverrideFlag" (__imp_?settingsLocaleOverrideFlag@QgsApplication@@2VQgsSettingsEntryBool@@B)
QtGis.obj : error LNK2001: 无法解析的外部符号 "__declspec(dllimport) public: static class QgsSettingsEntryString const QgsApplication::settingsLocaleGlobalLocale" (__imp_?settingsLocaleGlobalLocale@QgsApplication@@2VQgsSettingsEntryString@@B)
main.obj : error LNK2001: 无法解析的外部符号 "__declspec(dllimport) public: static class QgsSettingsEntryString const QgsApplication::settingsLocaleGlobalLocale" (__imp_?settingsLocaleGlobalLocale@QgsApplication@@2VQgsSettingsEntryString@@B)
QtGis.obj : error LNK2001: 无法解析的外部符号 "__declspec(dllimport) public: static class QgsSettingsEntryBool const QgsApplication::settingsLocaleShowGroupSeparator" (__imp_?settingsLocaleShowGroupSeparator@QgsApplication@@2VQgsSettingsEntryBool@@B)
main.obj : error LNK2001: 无法解析的外部符号 "__declspec(dllimport) public: static class QgsSettingsEntryBool const QgsApplication::settingsLocaleShowGroupSeparator" (__imp_?settingsLocaleShowGroupSeparator@QgsApplication@@2VQgsSettingsEntryBool@@B)
QtGis.obj : error LNK2001: 无法解析的外部符号 "__declspec(dllimport) public: static class QgsSettingsEntryStringList const QgsApplication::settingsSearchPathsForSVG" (__imp_?settingsSearchPathsForSVG@QgsApplication@@2VQgsSettingsEntryStringList@@B)
main.obj : error LNK2001: 无法解析的外部符号 "__declspec(dllimport) public: static class QgsSettingsEntryStringList const QgsApplication::settingsSearchPathsForSVG" (__imp_?settingsSearchPathsForSVG@QgsApplication@@2VQgsSettingsEntryStringList@@B)
E:\1_project\5_2022\selfProject\QtGis\x64\Debug\QtGis.exe : fatal error LNK1120: 16 个无法解析的外部命令
